Product projects
---------------------------------------
C:\Users\gabriel.garciafernan\Desktop\ApiApuestasgit\C#\framework\framework.csproj
C:\Users\gabriel.garciafernan\Desktop\ApiApuestasgit\C#\Messaging.Core\Messaging.Core.csproj
C:\Users\gabriel.garciafernan\Desktop\ApiApuestasgit\C#\dto\dto.csproj
C:\Users\gabriel.garciafernan\Desktop\ApiApuestasgit\C#\core\core.csproj
C:\Users\gabriel.garciafernan\Desktop\ApiApuestasgit\C#\repository\repository.csproj
C:\Users\gabriel.garciafernan\Desktop\ApiApuestasgit\C#\rabbitmq\rabbitmq.csproj
C:\Users\gabriel.garciafernan\Desktop\ApiApuestasgit\C#\rest\rest.csproj


Test projects
---------------------------------------


Invalid projects
---------------------------------------
{none}


Skipped projects
---------------------------------------
{none}


Excluded projects
---------------------------------------
{none}


